[2017-03-02T11:29:35,837][WARN ][o.e.d.s.g.GroovyScriptEngineService] [groovy] scripts are deprecated, use [painless] scripts instead
[2017-03-02T11:30:01,811][WARN ][o.e.d.i.m.StringFieldMapper$TypeParser] The [string] field is deprecated, please use [text] or [keyword] instead on [buildNum]
[2017-03-02T12:07:50,283][WARN ][o.e.d.s.g.GroovyScriptEngineService] [groovy] scripts are deprecated, use [painless] scripts instead
[2017-03-02T14:18:30,600][WARN ][o.e.d.i.m.StringFieldMapper$TypeParser] The [string] field is deprecated, please use [text] or [keyword] instead on [title]
[2017-03-02T14:18:30,602][WARN ][o.e.d.i.m.StringFieldMapper$TypeParser] The [string] field is deprecated, please use [text] or [keyword] instead on [timeFieldName]
[2017-03-02T14:18:30,604][WARN ][o.e.d.i.m.StringFieldMapper$TypeParser] The [string] field is deprecated, please use [text] or [keyword] instead on [intervalName]
[2017-03-02T14:18:30,604][WARN ][o.e.d.i.m.StringFieldMapper$TypeParser] The [string] field is deprecated, please use [text] or [keyword] instead on [fields]
[2017-03-02T14:18:30,604][WARN ][o.e.d.i.m.StringFieldMapper$TypeParser] The [string] field is deprecated, please use [text] or [keyword] instead on [sourceFilters]
[2017-03-02T14:18:30,605][WARN ][o.e.d.i.m.StringFieldMapper$TypeParser] The [string] field is deprecated, please use [text] or [keyword] instead on [fieldFormatMap]
[2017-03-02T14:18:30,607][WARN ][o.e.d.i.m.StringFieldMapper$TypeParser] The [string] field is deprecated, please use [text] or [keyword] instead on [title]
[2017-03-02T14:18:30,607][WARN ][o.e.d.i.m.StringFieldMapper$TypeParser] The [string] field is deprecated, please use [text] or [keyword] instead on [timeFieldName]
[2017-03-02T14:18:30,607][WARN ][o.e.d.i.m.StringFieldMapper$TypeParser] The [string] field is deprecated, please use [text] or [keyword] instead on [intervalName]
[2017-03-02T14:18:30,607][WARN ][o.e.d.i.m.StringFieldMapper$TypeParser] The [string] field is deprecated, please use [text] or [keyword] instead on [fields]
[2017-03-02T14:18:30,607][WARN ][o.e.d.i.m.StringFieldMapper$TypeParser] The [string] field is deprecated, please use [text] or [keyword] instead on [sourceFilters]
[2017-03-02T14:18:30,608][WARN ][o.e.d.i.m.StringFieldMapper$TypeParser] The [string] field is deprecated, please use [text] or [keyword] instead on [fieldFormatMap]
[2017-03-02T14:19:12,480][WARN ][o.e.d.i.m.StringFieldMapper$TypeParser] The [string] field is deprecated, please use [text] or [keyword] instead on [title]
[2017-03-02T14:19:12,480][WARN ][o.e.d.i.m.StringFieldMapper$TypeParser] The [string] field is deprecated, please use [text] or [keyword] instead on [description]
[2017-03-02T14:19:12,481][WARN ][o.e.d.i.m.StringFieldMapper$TypeParser] The [string] field is deprecated, please use [text] or [keyword] instead on [timelion_sheet]
[2017-03-02T14:19:12,481][WARN ][o.e.d.i.m.StringFieldMapper$TypeParser] The [string] field is deprecated, please use [text] or [keyword] instead on [timelion_interval]
[2017-03-02T14:19:12,481][WARN ][o.e.d.i.m.StringFieldMapper$TypeParser] The [string] field is deprecated, please use [text] or [keyword] instead on [timelion_other_interval]
[2017-03-02T14:19:12,482][WARN ][o.e.d.i.m.StringFieldMapper$TypeParser] The [string] field is deprecated, please use [text] or [keyword] instead on [searchSourceJSON]
[2017-03-02T14:19:12,483][WARN ][o.e.d.i.m.StringFieldMapper$TypeParser] The [string] field is deprecated, please use [text] or [keyword] instead on [title]
[2017-03-02T14:19:12,484][WARN ][o.e.d.i.m.StringFieldMapper$TypeParser] The [string] field is deprecated, please use [text] or [keyword] instead on [description]
[2017-03-02T14:19:12,484][WARN ][o.e.d.i.m.StringFieldMapper$TypeParser] The [string] field is deprecated, please use [text] or [keyword] instead on [timelion_sheet]
[2017-03-02T14:19:12,484][WARN ][o.e.d.i.m.StringFieldMapper$TypeParser] The [string] field is deprecated, please use [text] or [keyword] instead on [timelion_interval]
[2017-03-02T14:19:12,484][WARN ][o.e.d.i.m.StringFieldMapper$TypeParser] The [string] field is deprecated, please use [text] or [keyword] instead on [timelion_other_interval]
[2017-03-02T14:19:12,484][WARN ][o.e.d.i.m.StringFieldMapper$TypeParser] The [string] field is deprecated, please use [text] or [keyword] instead on [searchSourceJSON]
[2017-03-02T14:19:12,916][WARN ][o.e.d.i.q.QueryParseContext] query malformed, empty clause found at [1:143]
[2017-03-02T15:41:22,073][WARN ][o.e.d.i.q.QueryParseContext] query malformed, empty clause found at [1:143]
[2017-03-02T15:50:13,010][WARN ][o.e.d.i.q.QueryParseContext] query malformed, empty clause found at [1:143]
[2017-03-02T15:50:39,241][WARN ][o.e.d.i.q.QueryParseContext] query malformed, empty clause found at [1:143]
[2017-03-02T15:50:40,378][WARN ][o.e.d.i.q.QueryParseContext] query malformed, empty clause found at [1:143]
[2017-03-02T16:05:26,581][WARN ][o.e.d.i.q.QueryParseContext] query malformed, empty clause found at [1:143]
[2017-03-02T16:13:32,496][WARN ][o.e.d.i.m.StringFieldMapper$TypeParser] The [string] field is deprecated, please use [text] or [keyword] instead on [title]
[2017-03-02T16:13:32,496][WARN ][o.e.d.i.m.StringFieldMapper$TypeParser] The [string] field is deprecated, please use [text] or [keyword] instead on [description]
[2017-03-02T16:13:32,496][WARN ][o.e.d.i.m.StringFieldMapper$TypeParser] The [string] field is deprecated, please use [text] or [keyword] instead on [columns]
[2017-03-02T16:13:32,496][WARN ][o.e.d.i.m.StringFieldMapper$TypeParser] The [string] field is deprecated, please use [text] or [keyword] instead on [sort]
[2017-03-02T16:13:32,496][WARN ][o.e.d.i.m.StringFieldMapper$TypeParser] The [string] field is deprecated, please use [text] or [keyword] instead on [searchSourceJSON]
[2017-03-02T16:13:32,499][WARN ][o.e.d.i.m.StringFieldMapper$TypeParser] The [string] field is deprecated, please use [text] or [keyword] instead on [title]
[2017-03-02T16:13:32,499][WARN ][o.e.d.i.m.StringFieldMapper$TypeParser] The [string] field is deprecated, please use [text] or [keyword] instead on [description]
[2017-03-02T16:13:32,499][WARN ][o.e.d.i.m.StringFieldMapper$TypeParser] The [string] field is deprecated, please use [text] or [keyword] instead on [columns]
[2017-03-02T16:13:32,499][WARN ][o.e.d.i.m.StringFieldMapper$TypeParser] The [string] field is deprecated, please use [text] or [keyword] instead on [sort]
[2017-03-02T16:13:32,500][WARN ][o.e.d.i.m.StringFieldMapper$TypeParser] The [string] field is deprecated, please use [text] or [keyword] instead on [searchSourceJSON]
[2017-03-02T16:15:15,200][WARN ][o.e.d.i.m.StringFieldMapper$TypeParser] The [string] field is deprecated, please use [text] or [keyword] instead on [title]
[2017-03-02T16:15:15,201][WARN ][o.e.d.i.m.StringFieldMapper$TypeParser] The [string] field is deprecated, please use [text] or [keyword] instead on [visState]
[2017-03-02T16:15:15,201][WARN ][o.e.d.i.m.StringFieldMapper$TypeParser] The [string] field is deprecated, please use [text] or [keyword] instead on [uiStateJSON]
[2017-03-02T16:15:15,201][WARN ][o.e.d.i.m.StringFieldMapper$TypeParser] The [string] field is deprecated, please use [text] or [keyword] instead on [description]
[2017-03-02T16:15:15,201][WARN ][o.e.d.i.m.StringFieldMapper$TypeParser] The [string] field is deprecated, please use [text] or [keyword] instead on [savedSearchId]
[2017-03-02T16:15:15,201][WARN ][o.e.d.i.m.StringFieldMapper$TypeParser] The [string] field is deprecated, please use [text] or [keyword] instead on [searchSourceJSON]
[2017-03-02T16:15:15,202][WARN ][o.e.d.i.m.StringFieldMapper$TypeParser] The [string] field is deprecated, please use [text] or [keyword] instead on [title]
[2017-03-02T16:15:15,202][WARN ][o.e.d.i.m.StringFieldMapper$TypeParser] The [string] field is deprecated, please use [text] or [keyword] instead on [visState]
[2017-03-02T16:15:15,202][WARN ][o.e.d.i.m.StringFieldMapper$TypeParser] The [string] field is deprecated, please use [text] or [keyword] instead on [uiStateJSON]
[2017-03-02T16:15:15,202][WARN ][o.e.d.i.m.StringFieldMapper$TypeParser] The [string] field is deprecated, please use [text] or [keyword] instead on [description]
[2017-03-02T16:15:15,202][WARN ][o.e.d.i.m.StringFieldMapper$TypeParser] The [string] field is deprecated, please use [text] or [keyword] instead on [savedSearchId]
[2017-03-02T16:15:15,202][WARN ][o.e.d.i.m.StringFieldMapper$TypeParser] The [string] field is deprecated, please use [text] or [keyword] instead on [searchSourceJSON]
[2017-03-02T16:25:17,971][WARN ][o.e.d.i.q.QueryParseContext] query malformed, empty clause found at [1:143]
[2017-03-02T16:25:23,114][WARN ][o.e.d.i.m.StringFieldMapper$TypeParser] The [string] field is deprecated, please use [text] or [keyword] instead on [title]
[2017-03-02T16:25:23,114][WARN ][o.e.d.i.m.StringFieldMapper$TypeParser] The [string] field is deprecated, please use [text] or [keyword] instead on [description]
[2017-03-02T16:25:23,114][WARN ][o.e.d.i.m.StringFieldMapper$TypeParser] The [string] field is deprecated, please use [text] or [keyword] instead on [panelsJSON]
[2017-03-02T16:25:23,114][WARN ][o.e.d.i.m.StringFieldMapper$TypeParser] The [string] field is deprecated, please use [text] or [keyword] instead on [optionsJSON]
[2017-03-02T16:25:23,114][WARN ][o.e.d.i.m.StringFieldMapper$TypeParser] The [string] field is deprecated, please use [text] or [keyword] instead on [uiStateJSON]
[2017-03-02T16:25:23,114][WARN ][o.e.d.i.m.StringFieldMapper$TypeParser] The [string] field is deprecated, please use [text] or [keyword] instead on [timeTo]
[2017-03-02T16:25:23,114][WARN ][o.e.d.i.m.StringFieldMapper$TypeParser] The [string] field is deprecated, please use [text] or [keyword] instead on [timeFrom]
[2017-03-02T16:25:23,114][WARN ][o.e.d.i.m.StringFieldMapper$TypeParser] The [string] field is deprecated, please use [text] or [keyword] instead on [display]
[2017-03-02T16:25:23,115][WARN ][o.e.d.i.m.StringFieldMapper$TypeParser] The [string] field is deprecated, please use [text] or [keyword] instead on [searchSourceJSON]
[2017-03-02T16:25:23,115][WARN ][o.e.d.i.m.StringFieldMapper$TypeParser] The [string] field is deprecated, please use [text] or [keyword] instead on [title]
[2017-03-02T16:25:23,120][WARN ][o.e.d.i.m.StringFieldMapper$TypeParser] The [string] field is deprecated, please use [text] or [keyword] instead on [description]
[2017-03-02T16:25:23,120][WARN ][o.e.d.i.m.StringFieldMapper$TypeParser] The [string] field is deprecated, please use [text] or [keyword] instead on [panelsJSON]
[2017-03-02T16:25:23,120][WARN ][o.e.d.i.m.StringFieldMapper$TypeParser] The [string] field is deprecated, please use [text] or [keyword] instead on [optionsJSON]
[2017-03-02T16:25:23,120][WARN ][o.e.d.i.m.StringFieldMapper$TypeParser] The [string] field is deprecated, please use [text] or [keyword] instead on [uiStateJSON]
[2017-03-02T16:25:23,121][WARN ][o.e.d.i.m.StringFieldMapper$TypeParser] The [string] field is deprecated, please use [text] or [keyword] instead on [timeTo]
[2017-03-02T16:25:23,121][WARN ][o.e.d.i.m.StringFieldMapper$TypeParser] The [string] field is deprecated, please use [text] or [keyword] instead on [timeFrom]
[2017-03-02T16:25:23,121][WARN ][o.e.d.i.m.StringFieldMapper$TypeParser] The [string] field is deprecated, please use [text] or [keyword] instead on [display]
[2017-03-02T16:25:23,121][WARN ][o.e.d.i.m.StringFieldMapper$TypeParser] The [string] field is deprecated, please use [text] or [keyword] instead on [searchSourceJSON]
[2017-03-02T16:26:26,896][WARN ][o.e.d.c.ParseField       ] Deprecated field [type] used, replaced by [match_phrase and match_phrase_prefix query]
[2017-03-02T16:27:20,517][WARN ][o.e.d.c.ParseField       ] Deprecated field [type] used, replaced by [match_phrase and match_phrase_prefix query]
[2017-03-02T16:27:20,518][WARN ][o.e.d.c.ParseField       ] Deprecated field [type] used, replaced by [match_phrase and match_phrase_prefix query]
[2017-03-02T16:27:29,366][WARN ][o.e.d.c.ParseField       ] Deprecated field [type] used, replaced by [match_phrase and match_phrase_prefix query]
[2017-03-02T16:27:29,370][WARN ][o.e.d.c.ParseField       ] Deprecated field [type] used, replaced by [match_phrase and match_phrase_prefix query]
[2017-03-02T16:27:34,727][WARN ][o.e.d.c.ParseField       ] Deprecated field [type] used, replaced by [match_phrase and match_phrase_prefix query]
[2017-03-02T16:27:34,728][WARN ][o.e.d.c.ParseField       ] Deprecated field [type] used, replaced by [match_phrase and match_phrase_prefix query]
[2017-03-02T16:27:35,849][WARN ][o.e.d.c.ParseField       ] Deprecated field [type] used, replaced by [match_phrase and match_phrase_prefix query]
[2017-03-02T16:27:35,849][WARN ][o.e.d.c.ParseField       ] Deprecated field [type] used, replaced by [match_phrase and match_phrase_prefix query]
[2017-03-02T16:27:37,981][WARN ][o.e.d.c.ParseField       ] Deprecated field [type] used, replaced by [match_phrase and match_phrase_prefix query]
[2017-03-02T16:29:03,785][WARN ][o.e.d.c.ParseField       ] Deprecated field [type] used, replaced by [match_phrase and match_phrase_prefix query]
[2017-03-02T16:30:30,195][WARN ][o.e.d.c.ParseField       ] Deprecated field [type] used, replaced by [match_phrase and match_phrase_prefix query]
[2017-03-02T16:32:35,284][WARN ][o.e.d.c.ParseField       ] Deprecated field [type] used, replaced by [match_phrase and match_phrase_prefix query]
[2017-03-02T16:33:43,983][WARN ][o.e.d.c.ParseField       ] Deprecated field [type] used, replaced by [match_phrase and match_phrase_prefix query]
[2017-03-02T16:34:27,745][WARN ][o.e.d.c.ParseField       ] Deprecated field [type] used, replaced by [match_phrase and match_phrase_prefix query]
[2017-03-02T16:34:44,898][WARN ][o.e.d.c.ParseField       ] Deprecated field [type] used, replaced by [match_phrase and match_phrase_prefix query]
[2017-03-02T16:34:57,413][WARN ][o.e.d.c.ParseField       ] Deprecated field [type] used, replaced by [match_phrase and match_phrase_prefix query]
[2017-03-02T16:35:41,053][WARN ][o.e.d.c.ParseField       ] Deprecated field [type] used, replaced by [match_phrase and match_phrase_prefix query]
[2017-03-02T16:36:04,689][WARN ][o.e.d.c.ParseField       ] Deprecated field [type] used, replaced by [match_phrase and match_phrase_prefix query]
[2017-03-02T16:36:33,012][WARN ][o.e.d.c.ParseField       ] Deprecated field [type] used, replaced by [match_phrase and match_phrase_prefix query]
[2017-03-02T16:37:18,101][WARN ][o.e.d.c.ParseField       ] Deprecated field [type] used, replaced by [match_phrase and match_phrase_prefix query]
[2017-03-02T16:37:27,715][WARN ][o.e.d.c.ParseField       ] Deprecated field [type] used, replaced by [match_phrase and match_phrase_prefix query]
[2017-03-02T16:37:33,072][WARN ][o.e.d.c.ParseField       ] Deprecated field [type] used, replaced by [match_phrase and match_phrase_prefix query]
[2017-03-02T16:37:33,950][WARN ][o.e.d.c.ParseField       ] Deprecated field [type] used, replaced by [match_phrase and match_phrase_prefix query]
[2017-03-02T16:37:34,428][WARN ][o.e.d.c.ParseField       ] Deprecated field [type] used, replaced by [match_phrase and match_phrase_prefix query]
[2017-03-02T16:37:34,662][WARN ][o.e.d.c.ParseField       ] Deprecated field [type] used, replaced by [match_phrase and match_phrase_prefix query]
[2017-03-02T16:37:38,195][WARN ][o.e.d.c.ParseField       ] Deprecated field [type] used, replaced by [match_phrase and match_phrase_prefix query]
[2017-03-02T16:37:44,166][WARN ][o.e.d.c.ParseField       ] Deprecated field [type] used, replaced by [match_phrase and match_phrase_prefix query]
[2017-03-02T16:38:09,501][WARN ][o.e.d.c.ParseField       ] Deprecated field [type] used, replaced by [match_phrase and match_phrase_prefix query]
[2017-03-02T16:38:27,642][WARN ][o.e.d.c.ParseField       ] Deprecated field [type] used, replaced by [match_phrase and match_phrase_prefix query]
[2017-03-02T16:39:47,741][WARN ][o.e.d.c.ParseField       ] Deprecated field [type] used, replaced by [match_phrase and match_phrase_prefix query]
[2017-03-02T17:02:05,710][WARN ][o.e.d.c.ParseField       ] Deprecated field [type] used, replaced by [match_phrase and match_phrase_prefix query]
[2017-03-03T11:08:58,630][WARN ][o.e.d.s.g.GroovyScriptEngineService] [groovy] scripts are deprecated, use [painless] scripts instead
[2017-03-03T16:07:39,874][WARN ][o.e.d.s.g.GroovyScriptEngineService] [groovy] scripts are deprecated, use [painless] scripts instead
[2017-03-03T16:15:25,604][WARN ][o.e.d.s.g.GroovyScriptEngineService] [groovy] scripts are deprecated, use [painless] scripts instead
